Errors in strchr: /home/danfern3/francinette/temp/libft/war-machine/tests/Part1_functions/ft_strchr
Test 5:
    if (!(str = ft_strchr(str2, '\0')))
        ft_print_result("NULL");
    else
    {
        ft_print_result(str);
        if (str != str2 + 7)
            ft_print_result("\nReturn value is false");
    }
Expected (cat -e test05.output):

Your result (cat -e user_output_test05):
$
Return value is false
Test 6:
    char    str3[] = "";
    if (!(str = ft_strchr(str3, '\0')))
        ft_print_result("NULL");
    else
    {
        ft_print_result(str);
        if (str != str3)
            ft_print_result("\nReturn value is false");
    }
Expected (cat -e test06.output):

Your result (cat -e user_output_test06):
$
Return value is false
Errors in strrchr: /home/danfern3/francinette/temp/libft/war-machine/tests/Part1_functions/ft_strrchr
Test 6:
    if (!(str = ft_strrchr(str2, '\0')))
        ft_print_result("NULL");
    else
    {
        ft_print_result(str);
        if (str != str2 + 7)
            ft_print_result("\nReturn value is false");
    }
Expected (cat -e test06.output):

Your result (cat -e user_output_test06):
$
Return value is false
Test 7:
    char    str3[] = "";
    if (!(str = ft_strrchr(str3, '\0')))
        ft_print_result("NULL");
    else
    {
        ft_print_result(str);
        if (str != str3)
            ft_print_result("\nReturn value is false");
    }
Expected (cat -e test07.output):

Your result (cat -e user_output_test07):
$
Return value is false
Errors in strnstr: /home/danfern3/francinette/temp/libft/war-machine/tests/Part1_functions/ft_strnstr
Test 8:
    if (!(str = ft_strnstr("lorem ipsum dolor sit amet", "sit", 10)))
        ft_print_result("NULL");
    else
        ft_print_result(str);
Expected (cat -e test08.output):
NULL
Your result (cat -e user_output_test08):
sit amet
Test 9:
    if (!(str = ft_strnstr("lorem ipsum dolor sit amet", "dolor", 15)))
        ft_print_result("NULL");
    else
        ft_print_result(str);
Expected (cat -e test09.output):
NULL
Your result (cat -e user_output_test09):
dolor sit amet
Errors in atoi: /home/danfern3/francinette/temp/libft/war-machine/tests/Part1_functions/ft_atoi
Test 10:
    ft_print_result(ft_atoi("++47"));
Expected (cat -e test10.output):
0
Your result (cat -e user_output_test10):
47
Errors in substr: /home/danfern3/francinette/temp/libft/war-machine/tests/Part2_functions/ft_substr
Test 1:
    if (!(strsub = ft_substr(str, 0, 10)))
        ft_print_result("NULL");
    else
        ft_print_result(strsub);
    if (str == strsub)
        ft_print_result("\nA new string was not returned");
Expected (cat -e test01.output):
lorem ipsu
Your result (cat -e user_output_test01):

Test 2:
    if (!(strsub = ft_substr(str, 7, 10)))
        ft_print_result("NULL");
    else
        ft_print_result(strsub);
    if (str == strsub)
        ft_print_result("\nA new string was not returned");
Expected (cat -e test02.output):
psum dolor
Your result (cat -e user_output_test02):

Errors in strtrim: /home/danfern3/francinette/temp/libft/war-machine/tests/Part2_functions/ft_strtrim
Test 1:
    char s1[] = "lorem \n ipsum \t dolor \n sit \t amet";
    if (!(strtrim = ft_strtrim(s1, " ")))
        ft_print_result("NULL");
    else
        ft_print_result(strtrim);
    if (strtrim == s1)
        ft_print_result("\nA new string was not returned");
Expected (cat -e test01.output):
lorem $
 ipsum 	 dolor $
 sit 	 amet
Your result (cat -e user_output_test01):

Test 2:
    char s1[] = "lorem ipsum dolor sit amet";
    if (!(strtrim = ft_strtrim(s1, "te")))
        ft_print_result("NULL");
    else
        ft_print_result(strtrim);
    if (strtrim == s1)
        ft_print_result("\nA new string was not returned");
Expected (cat -e test02.output):
lorem ipsum dolor sit am
Your result (cat -e user_output_test02):

Test 3:
    char s1[] = " lorem ipsum dolor sit amet";
    if (!(strtrim = ft_strtrim(s1, "l ")))
        ft_print_result("NULL");
    else
        ft_print_result(strtrim);
    if (strtrim == s1)
        ft_print_result("\nA new string was not returned");
Expected (cat -e test03.output):
orem ipsum dolor sit amet
Your result (cat -e user_output_test03):

Test 4:
    char s1[] = "lorem ipsum dolor sit amet";
    if (!(strtrim = ft_strtrim(s1, "tel")))
        ft_print_result("NULL");
    else
        ft_print_result(strtrim);
    if (strtrim == s1)
        ft_print_result("\nA new string was not returned");
Expected (cat -e test04.output):
orem ipsum dolor sit am
Your result (cat -e user_output_test04):

Errors in split: /home/danfern3/francinette/temp/libft/war-machine/tests/Part2_functions/ft_split
Test 2:
    if (!(tabstr = ft_split("lorem ipsum dolor sit amet, consectetur adipiscing elit. Sed non risus. Suspendisse", ' ')))
        ft_print_result("NULL");
    else
    {
        while (tabstr[i] != NULL)
        {
            ft_print_result(tabstr[i]);
            write(1, "\n", 1);
            i++;
        }
    }
Expected (cat -e test02.output):
lorem$
ipsum$
dolor$
sit$
amet,$
consectetur$
adipiscing$
elit.$
Sed$
non$
risus.$
Suspendisse$

Your result (cat -e user_output_test02):
lorem$
ipsum$
dolor$
sit$
amet,$
consectetur$
adipiscing$
elit.$
Sed$
non$
risus.$

Test 4:
    if (!(tabstr = ft_split("lorem ipsum dolor sit amet, consectetur adipiscing elit. Sed non risus. Suspendisse lectus tortor, dignissim sit amet, adipiscing nec, ultricies sed, dolor. Cras elementum ultricies diam. Maecenas ligula massa, varius a, semper congue, euismod non, mi.", 'i')))
        ft_print_result("NULL");
    else
    {
        while (tabstr[i] != NULL)
        {
            ft_print_result(tabstr[i]);
            write(1, "\n", 1);
            i++;
        }
    }
Expected (cat -e test04.output):
lorem $
psum dolor s$
t amet, consectetur ad$
p$
sc$
ng el$
t. Sed non r$
sus. Suspend$
sse lectus tortor, d$
gn$
ss$
m s$
t amet, ad$
p$
sc$
ng nec, ultr$
c$
es sed, dolor. Cras elementum ultr$
c$
es d$
am. Maecenas l$
gula massa, var$
us a, semper congue, eu$
smod non, m$
.$

Your result (cat -e user_output_test04):
lorem $
psum dolor s$
t amet, consectetur ad$
p$
sc$
ng el$
t. Sed non r$
sus. Suspend$
sse lectus tortor, d$
gn$
ss$
m s$
t amet, ad$
p$
sc$
ng nec, ultr$
c$
es sed, dolor. Cras elementum ultr$
c$
es d$
am. Maecenas l$
gula massa, var$
us a, semper congue, eu$
smod non, m$

Test 5:
    if (!(tabstr = ft_split("lorem ipsum dolor sit amet, consectetur adipiscing elit. Sed non risus. Suspendisse lectus tortor, dignissim sit amet, adipiscing nec, ultricies sed, dolor. Cras elementum ultricies diam. Maecenas ligula massa, varius a, semper congue, euismod non, mi.", 'z')))
        ft_print_result("NULL");
    else
    {
        while (tabstr[i] != NULL)
        {
            ft_print_result(tabstr[i]);
            write(1, "\n", 1);
            i++;
        }
    }
Expected (cat -e test05.output):
lorem ipsum dolor sit amet, consectetur adipiscing elit. Sed non risus. Suspendisse lectus tortor, dignissim sit amet, adipiscing nec, ultricies sed, dolor. Cras elementum ultricies diam. Maecenas ligula massa, varius a, semper congue, euismod non, mi.$

Your result (cat -e user_output_test05):

